# JRE version: OpenJDK Runtime Environment (11.0.13) (build 11.0.13+0-b1751.21-8125866)
# Java VM: OpenJDK 64-Bit Server VM (11.0.13+0-b1751.21-8125866, mixed mode, tiered, compressed oops, g1 gc, windows-amd64)
Heap:
 garbage-first heap   total 147456K, used 29074K [0x0000000080000000, 0x0000000100000000)
  region size 1024K, 7 young (7168K), 7 survivors (7168K)
 Metaspace       used 43094K, capacity 44007K, committed 44112K, reserved 1087488K
  class space    used 5475K, capacity 5838K, committed 5888K, reserved 1048576K
GC Heap History (15 events):
Event: 1.058 GC heap before
{Heap before GC invocations=0 (full 0):
 garbage-first heap   total 122880K, used 29696K [0x0000000080000000, 0x0000000100000000)
  region size 1024K, 24 young (24576K), 0 survivors (0K)
 Metaspace       used 10275K, capacity 10531K, committed 10624K, reserved 1058816K
  class space    used 1055K, capacity 1106K, committed 1152K, reserved 1048576K
}
Event: 1.068 GC heap after
{Heap after GC invocations=1 (full 0):
 garbage-first heap   total 122880K, used 9207K [0x0000000080000000, 0x0000000100000000)
  region size 1024K, 3 young (3072K), 3 survivors (3072K)
 Metaspace       used 10275K, capacity 10531K, committed 10624K, reserved 1058816K
  class space    used 1055K, capacity 1106K, committed 1152K, reserved 1048576K
}
Event: 3.007 GC heap before
{Heap before GC invocations=1 (full 0):
 garbage-first heap   total 122880K, used 79863K [0x0000000080000000, 0x0000000100000000)
  region size 1024K, 72 young (73728K), 3 survivors (3072K)
 Metaspace       used 17422K, capacity 17834K, committed 18048K, reserved 1064960K
  class space    used 1996K, capacity 2138K, committed 2176K, reserved 1048576K
}
Event: 3.016 GC heap after
{Heap after GC invocations=2 (full 0):
 garbage-first heap   total 122880K, used 16118K [0x0000000080000000, 0x0000000100000000)
  region size 1024K, 9 young (9216K), 9 survivors (9216K)
 Metaspace       used 17422K, capacity 17834K, committed 18048K, reserved 1064960K
  class space    used 1996K, capacity 2138K, committed 2176K, reserved 1048576K
}
Event: 3.612 GC heap before
{Heap before GC invocations=2 (full 0):
 garbage-first heap   total 122880K, used 46838K [0x0000000080000000, 0x0000000100000000)
  region size 1024K, 41 young (41984K), 9 survivors (9216K)
 Metaspace       used 20757K, capacity 21181K, committed 21296K, reserved 1069056K
  class space    used 2516K, capacity 2680K, committed 2688K, reserved 1048576K
}
Event: 3.630 GC heap after
{Heap after GC invocations=3 (full 0):
 garbage-first heap   total 122880K, used 17305K [0x0000000080000000, 0x0000000100000000)
  region size 1024K, 2 young (2048K), 2 survivors (2048K)
 Metaspace       used 20757K, capacity 21181K, committed 21296K, reserved 1069056K
  class space    used 2516K, capacity 2680K, committed 2688K, reserved 1048576K
}
Event: 4.777 GC heap before
{Heap before GC invocations=4 (full 0):
 garbage-first heap   total 122880K, used 67481K [0x0000000080000000, 0x0000000100000000)
  region size 1024K, 51 young (52224K), 2 survivors (2048K)
 Metaspace       used 26184K, capacity 26848K, committed 27184K, reserved 1073152K
  class space    used 3386K, capacity 3622K, committed 3712K, reserved 1048576K
}
Event: 4.781 GC heap after
{Heap after GC invocations=5 (full 0):
 garbage-first heap   total 122880K, used 18990K [0x0000000080000000, 0x0000000100000000)
  region size 1024K, 4 young (4096K), 4 survivors (4096K)
 Metaspace       used 26184K, capacity 26848K, committed 27184K, reserved 1073152K
  class space    used 3386K, capacity 3622K, committed 3712K, reserved 1048576K
}
Event: 5.774 GC heap before
{Heap before GC invocations=5 (full 0):
 garbage-first heap   total 122880K, used 73262K [0x0000000080000000, 0x0000000100000000)
  region size 1024K, 57 young (58368K), 4 survivors (4096K)
 Metaspace       used 31601K, capacity 32291K, committed 32560K, reserved 1077248K
  class space    used 4175K, capacity 4416K, committed 4480K, reserved 1048576K
}
Event: 5.779 GC heap after
{Heap after GC invocations=6 (full 0):
 garbage-first heap   total 122880K, used 20724K [0x0000000080000000, 0x0000000100000000)
  region size 1024K, 5 young (5120K), 5 survivors (5120K)
 Metaspace       used 31601K, capacity 32291K, committed 32560K, reserved 1077248K
  class space    used 4175K, capacity 4416K, committed 4480K, reserved 1048576K
}
Event: 6.099 GC heap before
{Heap before GC invocations=6 (full 0):
 garbage-first heap   total 122880K, used 28916K [0x0000000080000000, 0x0000000100000000)
  region size 1024K, 14 young (14336K), 5 survivors (5120K)
 Metaspace       used 34970K, capacity 35741K, committed 35920K, reserved 1081344K
  class space    used 4468K, capacity 4780K, committed 4864K, reserved 1048576K
}
Event: 6.110 GC heap after
{Heap after GC invocations=7 (full 0):
 garbage-first heap   total 122880K, used 22282K [0x0000000080000000, 0x0000000100000000)
  region size 1024K, 6 young (6144K), 6 survivors (6144K)
 Metaspace       used 34970K, capacity 35741K, committed 35920K, reserved 1081344K
  class space    used 4468K, capacity 4780K, committed 4864K, reserved 1048576K
}
Event: 6.895 GC heap before
{Heap before GC invocations=8 (full 0):
 garbage-first heap   total 122880K, used 71434K [0x0000000080000000, 0x0000000100000000)
  region size 1024K, 52 young (53248K), 6 survivors (6144K)
 Metaspace       used 39375K, capacity 40197K, committed 40528K, reserved 1085440K
  class space    used 4944K, capacity 5260K, committed 5376K, reserved 1048576K
}
Event: 6.905 GC heap after
{Heap after GC invocations=9 (full 0):
 garbage-first heap   total 122880K, used 26545K [0x0000000080000000, 0x0000000100000000)
  region size 1024K, 7 young (7168K), 7 survivors (7168K)
 Metaspace       used 39375K, capacity 40197K, committed 40528K, reserved 1085440K
  class space    used 4944K, capacity 5260K, committed 5376K, reserved 1048576K
}
Event: 7.661 GC heap before
{Heap before GC invocations=9 (full 0):
 garbage-first heap   total 122880K, used 75697K [0x0000000080000000, 0x0000000100000000)
  region size 1024K, 55 young (56320K), 7 survivors (7168K)
 Metaspace       used 43094K, capacity 44007K, committed 44112K, reserved 1087488K
  class space    used 5475K, capacity 5838K, committed 5888K, reserved 1048576K
}

