# JRE version: OpenJDK Runtime Environment (17.0.7) (build 17.0.7+0-b2043.56-10550314)
# Java VM: OpenJDK 64-Bit Server VM (17.0.7+0-b2043.56-10550314, mixed mode, tiered, compressed oops, compressed class ptrs, g1 gc, windows-amd64)
GC Precious Log:
 CPUs: 16 total, 16 available
 Memory: 7563M
 Large Page Support: Disabled
 NUMA Support: Disabled
 Compressed Oops: Enabled (32-bit)
 Heap Region Size: 1M
 Heap Min Capacity: 8M
 Heap Initial Capacity: 120M
 Heap Max Capacity: 2G
 Pre-touch: Disabled
 Parallel Workers: 13
 Concurrent Workers: 3
 Concurrent Refinement Workers: 13
 Periodic GC: Disabled
Heap:
 garbage-first heap   total 300032K, used 160218K [0x0000000080000000, 0x0000000100000000)
  region size 1024K, 11 young (11264K), 11 survivors (11264K)
 Metaspace       used 137570K, committed 138624K, reserved 1179648K
  class space    used 18520K, committed 19008K, reserved 1048576K
GC Heap History (20 events):
Event: 796.828 GC heap after
{Heap after GC invocations=42 (full 0):
 garbage-first heap   total 299008K, used 123261K [0x0000000080000000, 0x0000000100000000)
  region size 1024K, 2 young (2048K), 2 survivors (2048K)
 Metaspace       used 124338K, committed 125184K, reserved 1179648K
  class space    used 17149K, committed 17536K, reserved 1048576K
}
Event: 801.994 GC heap before
{Heap before GC invocations=42 (full 0):
 garbage-first heap   total 299008K, used 241021K [0x0000000080000000, 0x0000000100000000)
  region size 1024K, 118 young (120832K), 2 survivors (2048K)
 Metaspace       used 128639K, committed 129472K, reserved 1179648K
  class space    used 17638K, committed 17984K, reserved 1048576K
}
Event: 802.008 GC heap after
{Heap after GC invocations=43 (full 0):
 garbage-first heap   total 299008K, used 133983K [0x0000000080000000, 0x0000000100000000)
  region size 1024K, 13 young (13312K), 13 survivors (13312K)
 Metaspace       used 128639K, committed 129472K, reserved 1179648K
  class space    used 17638K, committed 17984K, reserved 1048576K
}
Event: 1132.913 GC heap before
{Heap before GC invocations=44 (full 0):
 garbage-first heap   total 299008K, used 270175K [0x0000000080000000, 0x0000000100000000)
  region size 1024K, 117 young (119808K), 13 survivors (13312K)
 Metaspace       used 129211K, committed 130048K, reserved 1179648K
  class space    used 17684K, committed 18048K, reserved 1048576K
}
Event: 1132.984 GC heap after
{Heap after GC invocations=45 (full 0):
 garbage-first heap   total 299008K, used 136911K [0x0000000080000000, 0x0000000100000000)
  region size 1024K, 8 young (8192K), 8 survivors (8192K)
 Metaspace       used 129211K, committed 130048K, reserved 1179648K
  class space    used 17684K, committed 18048K, reserved 1048576K
}
Event: 1133.333 GC heap before
{Heap before GC invocations=45 (full 0):
 garbage-first heap   total 299008K, used 143055K [0x0000000080000000, 0x0000000100000000)
  region size 1024K, 14 young (14336K), 8 survivors (8192K)
 Metaspace       used 129216K, committed 130048K, reserved 1179648K
  class space    used 17684K, committed 18048K, reserved 1048576K
}
Event: 1133.449 GC heap after
{Heap after GC invocations=46 (full 0):
 garbage-first heap   total 299008K, used 131108K [0x0000000080000000, 0x0000000100000000)
  region size 1024K, 2 young (2048K), 2 survivors (2048K)
 Metaspace       used 129216K, committed 130048K, reserved 1179648K
  class space    used 17684K, committed 18048K, reserved 1048576K
}
Event: 1133.862 GC heap before
{Heap before GC invocations=46 (full 0):
 garbage-first heap   total 299008K, used 140324K [0x0000000080000000, 0x0000000100000000)
  region size 1024K, 12 young (12288K), 2 survivors (2048K)
 Metaspace       used 129353K, committed 130176K, reserved 1179648K
  class space    used 17698K, committed 18048K, reserved 1048576K
}
Event: 1133.877 GC heap after
{Heap after GC invocations=47 (full 0):
 garbage-first heap   total 299008K, used 131546K [0x0000000080000000, 0x0000000100000000)
  region size 1024K, 3 young (3072K), 3 survivors (3072K)
 Metaspace       used 129353K, committed 130176K, reserved 1179648K
  class space    used 17698K, committed 18048K, reserved 1048576K
}
Event: 1135.689 GC heap before
{Heap before GC invocations=48 (full 0):
 garbage-first heap   total 299008K, used 274906K [0x0000000080000000, 0x0000000100000000)
  region size 1024K, 111 young (113664K), 3 survivors (3072K)
 Metaspace       used 131526K, committed 132416K, reserved 1179648K
  class space    used 17949K, committed 18368K, reserved 1048576K
}
Event: 1135.698 GC heap after
{Heap after GC invocations=49 (full 0):
 garbage-first heap   total 299008K, used 129870K [0x0000000080000000, 0x0000000100000000)
  region size 1024K, 4 young (4096K), 4 survivors (4096K)
 Metaspace       used 131526K, committed 132416K, reserved 1179648K
  class space    used 17949K, committed 18368K, reserved 1048576K
}
Event: 1135.780 GC heap before
{Heap before GC invocations=49 (full 0):
 garbage-first heap   total 299008K, used 139086K [0x0000000080000000, 0x0000000100000000)
  region size 1024K, 14 young (14336K), 4 survivors (4096K)
 Metaspace       used 132036K, committed 132992K, reserved 1179648K
  class space    used 17973K, committed 18432K, reserved 1048576K
}
Event: 1135.791 GC heap after
{Heap after GC invocations=50 (full 0):
 garbage-first heap   total 299008K, used 124452K [0x0000000080000000, 0x0000000100000000)
  region size 1024K, 2 young (2048K), 2 survivors (2048K)
 Metaspace       used 132036K, committed 132992K, reserved 1179648K
  class space    used 17973K, committed 18432K, reserved 1048576K
}
Event: 1138.979 GC heap before
{Heap before GC invocations=50 (full 0):
 garbage-first heap   total 299008K, used 244260K [0x0000000080000000, 0x0000000100000000)
  region size 1024K, 120 young (122880K), 2 survivors (2048K)
 Metaspace       used 135294K, committed 136192K, reserved 1179648K
  class space    used 18246K, committed 18688K, reserved 1048576K
}
Event: 1138.995 GC heap after
{Heap after GC invocations=51 (full 0):
 garbage-first heap   total 299008K, used 135414K [0x0000000080000000, 0x0000000100000000)
  region size 1024K, 13 young (13312K), 13 survivors (13312K)
 Metaspace       used 135294K, committed 136192K, reserved 1179648K
  class space    used 18246K, committed 18688K, reserved 1048576K
}
Event: 1278.539 GC heap before
{Heap before GC invocations=52 (full 0):
 garbage-first heap   total 299008K, used 272630K [0x0000000080000000, 0x0000000100000000)
  region size 1024K, 116 young (118784K), 13 survivors (13312K)
 Metaspace       used 135561K, committed 136512K, reserved 1179648K
  class space    used 18259K, committed 18688K, reserved 1048576K
}
Event: 1278.599 GC heap after
{Heap after GC invocations=53 (full 0):
 garbage-first heap   total 300032K, used 147095K [0x0000000080000000, 0x0000000100000000)
  region size 1024K, 15 young (15360K), 15 survivors (15360K)
 Metaspace       used 135561K, committed 136512K, reserved 1179648K
  class space    used 18259K, committed 18688K, reserved 1048576K
}
Event: 1278.603 GC heap before
{Heap before GC invocations=53 (full 0):
 garbage-first heap   total 300032K, used 148119K [0x0000000080000000, 0x0000000100000000)
  region size 1024K, 16 young (16384K), 15 survivors (15360K)
 Metaspace       used 135561K, committed 136512K, reserved 1179648K
  class space    used 18259K, committed 18688K, reserved 1048576K
}
Event: 1278.620 GC heap after
{Heap after GC invocations=54 (full 0):
 garbage-first heap   total 300032K, used 146931K [0x0000000080000000, 0x0000000100000000)
  region size 1024K, 2 young (2048K), 2 survivors (2048K)
 Metaspace       used 135561K, committed 136512K, reserved 1179648K
  class space    used 18259K, committed 18688K, reserved 1048576K
}
Event: 1279.342 GC heap before
{Heap before GC invocations=54 (full 0):
 garbage-first heap   total 300032K, used 187891K [0x0000000080000000, 0x0000000100000000)
  region size 1024K, 43 young (44032K), 2 survivors (2048K)
 Metaspace       used 137570K, committed 138624K, reserved 1179648K
  class space    used 18520K, committed 19008K, reserved 1048576K
}

