# JRE version: OpenJDK Runtime Environment (17.0.7) (build 17.0.7+0-b2043.56-10550314)
# Java VM: OpenJDK 64-Bit Server VM (17.0.7+0-b2043.56-10550314, mixed mode, tiered, compressed oops, compressed class ptrs, g1 gc, windows-amd64)
GC Precious Log:
 CPUs: 16 total, 16 available
 Memory: 7563M
 Large Page Support: Disabled
 NUMA Support: Disabled
 Compressed Oops: Enabled (32-bit)
 Heap Region Size: 1M
 Heap Min Capacity: 8M
 Heap Initial Capacity: 120M
 Heap Max Capacity: 2G
 Pre-touch: Disabled
 Parallel Workers: 13
 Concurrent Workers: 3
 Concurrent Refinement Workers: 13
 Periodic GC: Disabled
Heap:
 garbage-first heap   total 378880K, used 182079K [0x0000000080000000, 0x0000000100000000)
  region size 1024K, 9 young (9216K), 9 survivors (9216K)
 Metaspace       used 133623K, committed 134720K, reserved 1179648K
  class space    used 17561K, committed 18112K, reserved 1048576K
GC Heap History (20 events):
Event: 9723.985 GC heap after
{Heap after GC invocations=79 (full 0):
 garbage-first heap   total 378880K, used 167512K [0x0000000080000000, 0x0000000100000000)
  region size 1024K, 2 young (2048K), 2 survivors (2048K)
 Metaspace       used 117619K, committed 118528K, reserved 1179648K
  class space    used 15585K, committed 16000K, reserved 1048576K
}
Event: 9727.967 GC heap before
{Heap before GC invocations=79 (full 0):
 garbage-first heap   total 378880K, used 306776K [0x0000000080000000, 0x0000000100000000)
  region size 1024K, 139 young (142336K), 2 survivors (2048K)
 Metaspace       used 124079K, committed 125056K, reserved 1179648K
  class space    used 16429K, committed 16896K, reserved 1048576K
}
Event: 9727.980 GC heap after
{Heap after GC invocations=80 (full 0):
 garbage-first heap   total 378880K, used 175164K [0x0000000080000000, 0x0000000100000000)
  region size 1024K, 9 young (9216K), 9 survivors (9216K)
 Metaspace       used 124079K, committed 125056K, reserved 1179648K
  class space    used 16429K, committed 16896K, reserved 1048576K
}
Event: 10052.830 GC heap before
{Heap before GC invocations=81 (full 0):
 garbage-first heap   total 378880K, used 309308K [0x0000000080000000, 0x0000000100000000)
  region size 1024K, 141 young (144384K), 9 survivors (9216K)
 Metaspace       used 124674K, committed 125632K, reserved 1179648K
  class space    used 16499K, committed 16960K, reserved 1048576K
}
Event: 10052.896 GC heap after
{Heap after GC invocations=82 (full 0):
 garbage-first heap   total 378880K, used 176439K [0x0000000080000000, 0x0000000100000000)
  region size 1024K, 10 young (10240K), 10 survivors (10240K)
 Metaspace       used 124674K, committed 125632K, reserved 1179648K
  class space    used 16499K, committed 16960K, reserved 1048576K
}
Event: 10052.973 GC heap before
{Heap before GC invocations=82 (full 0):
 garbage-first heap   total 378880K, used 183607K [0x0000000080000000, 0x0000000100000000)
  region size 1024K, 18 young (18432K), 10 survivors (10240K)
 Metaspace       used 124683K, committed 125632K, reserved 1179648K
  class space    used 16499K, committed 16960K, reserved 1048576K
}
Event: 10053.099 GC heap after
{Heap after GC invocations=83 (full 0):
 garbage-first heap   total 378880K, used 174484K [0x0000000080000000, 0x0000000100000000)
  region size 1024K, 2 young (2048K), 2 survivors (2048K)
 Metaspace       used 124683K, committed 125632K, reserved 1179648K
  class space    used 16499K, committed 16960K, reserved 1048576K
}
Event: 10053.647 GC heap before
{Heap before GC invocations=83 (full 0):
 garbage-first heap   total 378880K, used 203156K [0x0000000080000000, 0x0000000100000000)
  region size 1024K, 31 young (31744K), 2 survivors (2048K)
 Metaspace       used 124794K, committed 125760K, reserved 1179648K
  class space    used 16504K, committed 16960K, reserved 1048576K
}
Event: 10053.657 GC heap after
{Heap after GC invocations=84 (full 0):
 garbage-first heap   total 378880K, used 177819K [0x0000000080000000, 0x0000000100000000)
  region size 1024K, 6 young (6144K), 6 survivors (6144K)
 Metaspace       used 124794K, committed 125760K, reserved 1179648K
  class space    used 16504K, committed 16960K, reserved 1048576K
}
Event: 10244.829 GC heap before
{Heap before GC invocations=85 (full 0):
 garbage-first heap   total 378880K, used 326299K [0x0000000080000000, 0x0000000100000000)
  region size 1024K, 124 young (126976K), 6 survivors (6144K)
 Metaspace       used 125029K, committed 126016K, reserved 1179648K
  class space    used 16515K, committed 17024K, reserved 1048576K
}
Event: 10244.867 GC heap after
{Heap after GC invocations=86 (full 0):
 garbage-first heap   total 378880K, used 182192K [0x0000000080000000, 0x0000000100000000)
  region size 1024K, 10 young (10240K), 10 survivors (10240K)
 Metaspace       used 125029K, committed 126016K, reserved 1179648K
  class space    used 16515K, committed 17024K, reserved 1048576K
}
Event: 10245.039 GC heap before
{Heap before GC invocations=86 (full 0):
 garbage-first heap   total 378880K, used 190384K [0x0000000080000000, 0x0000000100000000)
  region size 1024K, 18 young (18432K), 10 survivors (10240K)
 Metaspace       used 125112K, committed 126080K, reserved 1179648K
  class space    used 16524K, committed 17024K, reserved 1048576K
}
Event: 10245.091 GC heap after
{Heap after GC invocations=87 (full 0):
 garbage-first heap   total 378880K, used 176288K [0x0000000080000000, 0x0000000100000000)
  region size 1024K, 3 young (3072K), 3 survivors (3072K)
 Metaspace       used 125112K, committed 126080K, reserved 1179648K
  class space    used 16524K, committed 17024K, reserved 1048576K
}
Event: 10245.499 GC heap before
{Heap before GC invocations=87 (full 0):
 garbage-first heap   total 378880K, used 199840K [0x0000000080000000, 0x0000000100000000)
  region size 1024K, 27 young (27648K), 3 survivors (3072K)
 Metaspace       used 125207K, committed 126208K, reserved 1179648K
  class space    used 16539K, committed 17024K, reserved 1048576K
}
Event: 10245.521 GC heap after
{Heap after GC invocations=88 (full 0):
 garbage-first heap   total 378880K, used 178604K [0x0000000080000000, 0x0000000100000000)
  region size 1024K, 6 young (6144K), 6 survivors (6144K)
 Metaspace       used 125207K, committed 126208K, reserved 1179648K
  class space    used 16539K, committed 17024K, reserved 1048576K
}
Event: 10247.980 GC heap before
{Heap before GC invocations=89 (full 0):
 garbage-first heap   total 378880K, used 320940K [0x0000000080000000, 0x0000000100000000)
  region size 1024K, 118 young (120832K), 6 survivors (6144K)
 Metaspace       used 125771K, committed 126848K, reserved 1179648K
  class space    used 16577K, committed 17088K, reserved 1048576K
}
Event: 10247.994 GC heap after
{Heap after GC invocations=90 (full 0):
 garbage-first heap   total 378880K, used 185803K [0x0000000080000000, 0x0000000100000000)
  region size 1024K, 13 young (13312K), 13 survivors (13312K)
 Metaspace       used 125771K, committed 126848K, reserved 1179648K
  class space    used 16577K, committed 17088K, reserved 1048576K
}
Event: 10248.103 GC heap before
{Heap before GC invocations=90 (full 0):
 garbage-first heap   total 378880K, used 189899K [0x0000000080000000, 0x0000000100000000)
  region size 1024K, 18 young (18432K), 13 survivors (13312K)
 Metaspace       used 125808K, committed 126912K, reserved 1179648K
  class space    used 16581K, committed 17152K, reserved 1048576K
}
Event: 10248.135 GC heap after
{Heap after GC invocations=91 (full 0):
 garbage-first heap   total 378880K, used 175119K [0x0000000080000000, 0x0000000100000000)
  region size 1024K, 2 young (2048K), 2 survivors (2048K)
 Metaspace       used 125808K, committed 126912K, reserved 1179648K
  class space    used 16581K, committed 17152K, reserved 1048576K
}
Event: 10249.635 GC heap before
{Heap before GC invocations=91 (full 0):
 garbage-first heap   total 378880K, used 268303K [0x0000000080000000, 0x0000000100000000)
  region size 1024K, 95 young (97280K), 2 survivors (2048K)
 Metaspace       used 133623K, committed 134720K, reserved 1179648K
  class space    used 17561K, committed 18112K, reserved 1048576K
}

