# JRE version: OpenJDK Runtime Environment (17.0.7) (build 17.0.7+0-b2043.56-10550314)
# Java VM: OpenJDK 64-Bit Server VM (17.0.7+0-b2043.56-10550314, mixed mode, tiered, compressed oops, compressed class ptrs, g1 gc, windows-amd64)
GC Precious Log:
 CPUs: 16 total, 16 available
 Memory: 7563M
 Large Page Support: Disabled
 NUMA Support: Disabled
 Compressed Oops: Enabled (32-bit)
 Heap Region Size: 1M
 Heap Min Capacity: 8M
 Heap Initial Capacity: 120M
 Heap Max Capacity: 2G
 Pre-touch: Disabled
 Parallel Workers: 13
 Concurrent Workers: 3
 Concurrent Refinement Workers: 13
 Periodic GC: Disabled
Heap:
 garbage-first heap   total 291840K, used 139030K [0x0000000080000000, 0x0000000100000000)
  region size 1024K, 23 young (23552K), 2 survivors (2048K)
 Metaspace       used 113725K, committed 114752K, reserved 1179648K
  class space    used 14882K, committed 15360K, reserved 1048576K
GC Heap History (20 events):
Event: 68.275 GC heap before
{Heap before GC invocations=47 (full 0):
 garbage-first heap   total 254976K, used 220634K [0x0000000080000000, 0x0000000100000000)
  region size 1024K, 47 young (48128K), 9 survivors (9216K)
 Metaspace       used 110359K, committed 111168K, reserved 1179648K
  class space    used 14578K, committed 14976K, reserved 1048576K
}
Event: 68.289 GC heap after
{Heap after GC invocations=48 (full 0):
 garbage-first heap   total 254976K, used 186467K [0x0000000080000000, 0x0000000100000000)
  region size 1024K, 3 young (3072K), 3 survivors (3072K)
 Metaspace       used 110359K, committed 111168K, reserved 1179648K
  class space    used 14578K, committed 14976K, reserved 1048576K
}
Event: 253.909 GC heap before
{Heap before GC invocations=49 (full 0):
 garbage-first heap   total 291840K, used 203875K [0x0000000080000000, 0x0000000100000000)
  region size 1024K, 35 young (35840K), 3 survivors (3072K)
 Metaspace       used 111351K, committed 112128K, reserved 1179648K
  class space    used 14721K, committed 15104K, reserved 1048576K
}
Event: 253.996 GC heap after
{Heap after GC invocations=50 (full 0):
 garbage-first heap   total 291840K, used 142771K [0x0000000080000000, 0x0000000100000000)
  region size 1024K, 5 young (5120K), 5 survivors (5120K)
 Metaspace       used 111351K, committed 112128K, reserved 1179648K
  class space    used 14721K, committed 15104K, reserved 1048576K
}
Event: 254.577 GC heap before
{Heap before GC invocations=50 (full 0):
 garbage-first heap   total 291840K, used 151987K [0x0000000080000000, 0x0000000100000000)
  region size 1024K, 14 young (14336K), 5 survivors (5120K)
 Metaspace       used 111380K, committed 112128K, reserved 1179648K
  class space    used 14723K, committed 15104K, reserved 1048576K
}
Event: 254.617 GC heap after
{Heap after GC invocations=51 (full 0):
 garbage-first heap   total 291840K, used 124273K [0x0000000080000000, 0x0000000100000000)
  region size 1024K, 2 young (2048K), 2 survivors (2048K)
 Metaspace       used 111380K, committed 112128K, reserved 1179648K
  class space    used 14723K, committed 15104K, reserved 1048576K
}
Event: 279.371 GC heap before
{Heap before GC invocations=51 (full 0):
 garbage-first heap   total 291840K, used 234865K [0x0000000080000000, 0x0000000100000000)
  region size 1024K, 110 young (112640K), 2 survivors (2048K)
 Metaspace       used 112131K, committed 112960K, reserved 1179648K
  class space    used 14759K, committed 15168K, reserved 1048576K
}
Event: 279.423 GC heap after
{Heap after GC invocations=52 (full 0):
 garbage-first heap   total 291840K, used 136006K [0x0000000080000000, 0x0000000100000000)
  region size 1024K, 13 young (13312K), 13 survivors (13312K)
 Metaspace       used 112131K, committed 112960K, reserved 1179648K
  class space    used 14759K, committed 15168K, reserved 1048576K
}
Event: 335.092 GC heap before
{Heap before GC invocations=52 (full 0):
 garbage-first heap   total 291840K, used 234310K [0x0000000080000000, 0x0000000100000000)
  region size 1024K, 109 young (111616K), 13 survivors (13312K)
 Metaspace       used 112519K, committed 113344K, reserved 1179648K
  class space    used 14786K, committed 15168K, reserved 1048576K
}
Event: 335.147 GC heap after
{Heap after GC invocations=53 (full 0):
 garbage-first heap   total 291840K, used 139407K [0x0000000080000000, 0x0000000100000000)
  region size 1024K, 9 young (9216K), 9 survivors (9216K)
 Metaspace       used 112519K, committed 113344K, reserved 1179648K
  class space    used 14786K, committed 15168K, reserved 1048576K
}
Event: 355.881 GC heap before
{Heap before GC invocations=54 (full 0):
 garbage-first heap   total 291840K, used 233615K [0x0000000080000000, 0x0000000100000000)
  region size 1024K, 102 young (104448K), 9 survivors (9216K)
 Metaspace       used 112834K, committed 113728K, reserved 1179648K
  class space    used 14817K, committed 15232K, reserved 1048576K
}
Event: 355.898 GC heap after
{Heap after GC invocations=55 (full 0):
 garbage-first heap   total 291840K, used 141312K [0x0000000080000000, 0x0000000100000000)
  region size 1024K, 9 young (9216K), 9 survivors (9216K)
 Metaspace       used 112834K, committed 113728K, reserved 1179648K
  class space    used 14817K, committed 15232K, reserved 1048576K
}
Event: 356.048 GC heap before
{Heap before GC invocations=55 (full 0):
 garbage-first heap   total 291840K, used 146432K [0x0000000080000000, 0x0000000100000000)
  region size 1024K, 14 young (14336K), 9 survivors (9216K)
 Metaspace       used 112867K, committed 113728K, reserved 1179648K
  class space    used 14817K, committed 15232K, reserved 1048576K
}
Event: 356.140 GC heap after
{Heap after GC invocations=56 (full 0):
 garbage-first heap   total 291840K, used 127010K [0x0000000080000000, 0x0000000100000000)
  region size 1024K, 2 young (2048K), 2 survivors (2048K)
 Metaspace       used 112867K, committed 113728K, reserved 1179648K
  class space    used 14817K, committed 15232K, reserved 1048576K
}
Event: 472.131 GC heap before
{Heap before GC invocations=56 (full 0):
 garbage-first heap   total 291840K, used 233506K [0x0000000080000000, 0x0000000100000000)
  region size 1024K, 106 young (108544K), 2 survivors (2048K)
 Metaspace       used 113198K, committed 114112K, reserved 1179648K
  class space    used 14833K, committed 15296K, reserved 1048576K
}
Event: 472.135 GC heap after
{Heap after GC invocations=57 (full 0):
 garbage-first heap   total 291840K, used 127258K [0x0000000080000000, 0x0000000100000000)
  region size 1024K, 2 young (2048K), 2 survivors (2048K)
 Metaspace       used 113198K, committed 114112K, reserved 1179648K
  class space    used 14833K, committed 15296K, reserved 1048576K
}
Event: 663.669 GC heap before
{Heap before GC invocations=58 (full 0):
 garbage-first heap   total 291840K, used 235802K [0x0000000080000000, 0x0000000100000000)
  region size 1024K, 110 young (112640K), 2 survivors (2048K)
 Metaspace       used 113532K, committed 114496K, reserved 1179648K
  class space    used 14858K, committed 15296K, reserved 1048576K
}
Event: 663.747 GC heap after
{Heap after GC invocations=59 (full 0):
 garbage-first heap   total 291840K, used 128958K [0x0000000080000000, 0x0000000100000000)
  region size 1024K, 5 young (5120K), 5 survivors (5120K)
 Metaspace       used 113532K, committed 114496K, reserved 1179648K
  class space    used 14858K, committed 15296K, reserved 1048576K
}
Event: 663.983 GC heap before
{Heap before GC invocations=59 (full 0):
 garbage-first heap   total 291840K, used 138174K [0x0000000080000000, 0x0000000100000000)
  region size 1024K, 14 young (14336K), 5 survivors (5120K)
 Metaspace       used 113534K, committed 114496K, reserved 1179648K
  class space    used 14858K, committed 15296K, reserved 1048576K
}
Event: 664.164 GC heap after
{Heap after GC invocations=60 (full 0):
 garbage-first heap   total 291840K, used 118550K [0x0000000080000000, 0x0000000100000000)
  region size 1024K, 2 young (2048K), 2 survivors (2048K)
 Metaspace       used 113534K, committed 114496K, reserved 1179648K
  class space    used 14858K, committed 15296K, reserved 1048576K
}

